CRITICAL - 2023-12-26 11:10:38 --> Undefined array key "Iniciada"
in APPPATH\Views\main.php on line 55.
 1 APPPATH\Views\main.php(55): CodeIgniter\Debug\Exceptions->errorHandler(2, 'Undefined array key "Iniciada"', 'C:\\laragon\\www\\codeigniter4-framework-e392123\\app\\Views\\main.php', 55)
 2 SYSTEMPATH\View\View.php(224): include('C:\\laragon\\www\\codeigniter4-framework-e392123\\app\\Views\\main.php')
 3 SYSTEMPATH\View\View.php(227): CodeIgniter\View\View->CodeIgniter\View\{closure}()
 4 SYSTEMPATH\Common.php(1180): CodeIgniter\View\View->render('main', [], true)
 5 APPPATH\Controllers\Main.php(17): view('main', [...])
 6 SYSTEMPATH\CodeIgniter.php(932): App\Controllers\Main->index()
 7 SYSTEMPATH\CodeIgniter.php(497): CodeIgniter\CodeIgniter->runController(Object(App\Controllers\Main))
 8 SYSTEMPATH\CodeIgniter.php(366): CodeIgniter\CodeIgniter->handleRequest(null, Object(Config\Cache), false)
 9 FCPATH\index.php(67): CodeIgniter\CodeIgniter->run()
10 SYSTEMPATH\Commands\Server\rewrite.php(47): require_once('C:\\laragon\\www\\codeigniter4-framework-e392123\\public\\index.php')
CRITICAL - 2023-12-26 11:10:47 --> Undefined array key "Iniciada"
in APPPATH\Views\main.php on line 55.
 1 APPPATH\Views\main.php(55): CodeIgniter\Debug\Exceptions->errorHandler(2, 'Undefined array key "Iniciada"', 'C:\\laragon\\www\\codeigniter4-framework-e392123\\app\\Views\\main.php', 55)
 2 SYSTEMPATH\View\View.php(224): include('C:\\laragon\\www\\codeigniter4-framework-e392123\\app\\Views\\main.php')
 3 SYSTEMPATH\View\View.php(227): CodeIgniter\View\View->CodeIgniter\View\{closure}()
 4 SYSTEMPATH\Common.php(1180): CodeIgniter\View\View->render('main', [], true)
 5 APPPATH\Controllers\Main.php(17): view('main', [...])
 6 SYSTEMPATH\CodeIgniter.php(932): App\Controllers\Main->index()
 7 SYSTEMPATH\CodeIgniter.php(497): CodeIgniter\CodeIgniter->runController(Object(App\Controllers\Main))
 8 SYSTEMPATH\CodeIgniter.php(366): CodeIgniter\CodeIgniter->handleRequest(null, Object(Config\Cache), false)
 9 FCPATH\index.php(67): CodeIgniter\CodeIgniter->run()
10 SYSTEMPATH\Commands\Server\rewrite.php(47): require_once('C:\\laragon\\www\\codeigniter4-framework-e392123\\public\\index.php')
CRITICAL - 2023-12-26 11:11:31 --> Undefined array key "Iniciada"
in APPPATH\Views\main.php on line 55.
 1 APPPATH\Views\main.php(55): CodeIgniter\Debug\Exceptions->errorHandler(2, 'Undefined array key "Iniciada"', 'C:\\laragon\\www\\codeigniter4-framework-e392123\\app\\Views\\main.php', 55)
 2 SYSTEMPATH\View\View.php(224): include('C:\\laragon\\www\\codeigniter4-framework-e392123\\app\\Views\\main.php')
 3 SYSTEMPATH\View\View.php(227): CodeIgniter\View\View->CodeIgniter\View\{closure}()
 4 SYSTEMPATH\Common.php(1180): CodeIgniter\View\View->render('main', [], true)
 5 APPPATH\Controllers\Main.php(17): view('main', [...])
 6 SYSTEMPATH\CodeIgniter.php(932): App\Controllers\Main->index()
 7 SYSTEMPATH\CodeIgniter.php(497): CodeIgniter\CodeIgniter->runController(Object(App\Controllers\Main))
 8 SYSTEMPATH\CodeIgniter.php(366): CodeIgniter\CodeIgniter->handleRequest(null, Object(Config\Cache), false)
 9 FCPATH\index.php(67): CodeIgniter\CodeIgniter->run()
10 SYSTEMPATH\Commands\Server\rewrite.php(47): require_once('C:\\laragon\\www\\codeigniter4-framework-e392123\\public\\index.php')
CRITICAL - 2023-12-26 11:11:49 --> Undefined array key "Iniciada"
in APPPATH\Views\main.php on line 55.
 1 APPPATH\Views\main.php(55): CodeIgniter\Debug\Exceptions->errorHandler(2, 'Undefined array key "Iniciada"', 'C:\\laragon\\www\\codeigniter4-framework-e392123\\app\\Views\\main.php', 55)
 2 SYSTEMPATH\View\View.php(224): include('C:\\laragon\\www\\codeigniter4-framework-e392123\\app\\Views\\main.php')
 3 SYSTEMPATH\View\View.php(227): CodeIgniter\View\View->CodeIgniter\View\{closure}()
 4 SYSTEMPATH\Common.php(1180): CodeIgniter\View\View->render('main', [], true)
 5 APPPATH\Controllers\Main.php(17): view('main', [...])
 6 SYSTEMPATH\CodeIgniter.php(932): App\Controllers\Main->index()
 7 SYSTEMPATH\CodeIgniter.php(497): CodeIgniter\CodeIgniter->runController(Object(App\Controllers\Main))
 8 SYSTEMPATH\CodeIgniter.php(366): CodeIgniter\CodeIgniter->handleRequest(null, Object(Config\Cache), false)
 9 FCPATH\index.php(67): CodeIgniter\CodeIgniter->run()
10 SYSTEMPATH\Commands\Server\rewrite.php(47): require_once('C:\\laragon\\www\\codeigniter4-framework-e392123\\public\\index.php')
CRITICAL - 2023-12-26 11:12:51 --> Undefined array key "Iniciada"
in APPPATH\Views\main.php on line 55.
 1 APPPATH\Views\main.php(55): CodeIgniter\Debug\Exceptions->errorHandler(2, 'Undefined array key "Iniciada"', 'C:\\laragon\\www\\codeigniter4-framework-e392123\\app\\Views\\main.php', 55)
 2 SYSTEMPATH\View\View.php(224): include('C:\\laragon\\www\\codeigniter4-framework-e392123\\app\\Views\\main.php')
 3 SYSTEMPATH\View\View.php(227): CodeIgniter\View\View->CodeIgniter\View\{closure}()
 4 SYSTEMPATH\Common.php(1180): CodeIgniter\View\View->render('main', [], true)
 5 APPPATH\Controllers\Main.php(17): view('main', [...])
 6 SYSTEMPATH\CodeIgniter.php(932): App\Controllers\Main->index()
 7 SYSTEMPATH\CodeIgniter.php(497): CodeIgniter\CodeIgniter->runController(Object(App\Controllers\Main))
 8 SYSTEMPATH\CodeIgniter.php(366): CodeIgniter\CodeIgniter->handleRequest(null, Object(Config\Cache), false)
 9 FCPATH\index.php(67): CodeIgniter\CodeIgniter->run()
10 SYSTEMPATH\Commands\Server\rewrite.php(47): require_once('C:\\laragon\\www\\codeigniter4-framework-e392123\\public\\index.php')
CRITICAL - 2023-12-26 11:14:58 --> Undefined array key "Iniciada"
in APPPATH\Views\main.php on line 55.
 1 APPPATH\Views\main.php(55): CodeIgniter\Debug\Exceptions->errorHandler(2, 'Undefined array key "Iniciada"', 'C:\\laragon\\www\\codeigniter4-framework-e392123\\app\\Views\\main.php', 55)
 2 SYSTEMPATH\View\View.php(224): include('C:\\laragon\\www\\codeigniter4-framework-e392123\\app\\Views\\main.php')
 3 SYSTEMPATH\View\View.php(227): CodeIgniter\View\View->CodeIgniter\View\{closure}()
 4 SYSTEMPATH\Common.php(1180): CodeIgniter\View\View->render('main', [], true)
 5 APPPATH\Controllers\Main.php(17): view('main', [...])
 6 SYSTEMPATH\CodeIgniter.php(932): App\Controllers\Main->index()
 7 SYSTEMPATH\CodeIgniter.php(497): CodeIgniter\CodeIgniter->runController(Object(App\Controllers\Main))
 8 SYSTEMPATH\CodeIgniter.php(366): CodeIgniter\CodeIgniter->handleRequest(null, Object(Config\Cache), false)
 9 FCPATH\index.php(67): CodeIgniter\CodeIgniter->run()
10 SYSTEMPATH\Commands\Server\rewrite.php(47): require_once('C:\\laragon\\www\\codeigniter4-framework-e392123\\public\\index.php')
CRITICAL - 2023-12-26 11:15:17 --> Undefined array key "Iniciada"
in APPPATH\Views\main.php on line 55.
 1 APPPATH\Views\main.php(55): CodeIgniter\Debug\Exceptions->errorHandler(2, 'Undefined array key "Iniciada"', 'C:\\laragon\\www\\codeigniter4-framework-e392123\\app\\Views\\main.php', 55)
 2 SYSTEMPATH\View\View.php(224): include('C:\\laragon\\www\\codeigniter4-framework-e392123\\app\\Views\\main.php')
 3 SYSTEMPATH\View\View.php(227): CodeIgniter\View\View->CodeIgniter\View\{closure}()
 4 SYSTEMPATH\Common.php(1180): CodeIgniter\View\View->render('main', [], true)
 5 APPPATH\Controllers\Main.php(17): view('main', [...])
 6 SYSTEMPATH\CodeIgniter.php(932): App\Controllers\Main->index()
 7 SYSTEMPATH\CodeIgniter.php(497): CodeIgniter\CodeIgniter->runController(Object(App\Controllers\Main))
 8 SYSTEMPATH\CodeIgniter.php(366): CodeIgniter\CodeIgniter->handleRequest(null, Object(Config\Cache), false)
 9 FCPATH\index.php(67): CodeIgniter\CodeIgniter->run()
10 SYSTEMPATH\Commands\Server\rewrite.php(47): require_once('C:\\laragon\\www\\codeigniter4-framework-e392123\\public\\index.php')
CRITICAL - 2023-12-26 11:16:07 --> Undefined array key "Iniciada"
in APPPATH\Views\main.php on line 55.
 1 APPPATH\Views\main.php(55): CodeIgniter\Debug\Exceptions->errorHandler(2, 'Undefined array key "Iniciada"', 'C:\\laragon\\www\\codeigniter4-framework-e392123\\app\\Views\\main.php', 55)
 2 SYSTEMPATH\View\View.php(224): include('C:\\laragon\\www\\codeigniter4-framework-e392123\\app\\Views\\main.php')
 3 SYSTEMPATH\View\View.php(227): CodeIgniter\View\View->CodeIgniter\View\{closure}()
 4 SYSTEMPATH\Common.php(1180): CodeIgniter\View\View->render('main', [], true)
 5 APPPATH\Controllers\Main.php(17): view('main', [...])
 6 SYSTEMPATH\CodeIgniter.php(932): App\Controllers\Main->index()
 7 SYSTEMPATH\CodeIgniter.php(497): CodeIgniter\CodeIgniter->runController(Object(App\Controllers\Main))
 8 SYSTEMPATH\CodeIgniter.php(366): CodeIgniter\CodeIgniter->handleRequest(null, Object(Config\Cache), false)
 9 FCPATH\index.php(67): CodeIgniter\CodeIgniter->run()
10 SYSTEMPATH\Commands\Server\rewrite.php(47): require_once('C:\\laragon\\www\\codeigniter4-framework-e392123\\public\\index.php')
CRITICAL - 2023-12-26 11:16:14 --> Undefined array key "Iniciada"
in APPPATH\Views\main.php on line 55.
 1 APPPATH\Views\main.php(55): CodeIgniter\Debug\Exceptions->errorHandler(2, 'Undefined array key "Iniciada"', 'C:\\laragon\\www\\codeigniter4-framework-e392123\\app\\Views\\main.php', 55)
 2 SYSTEMPATH\View\View.php(224): include('C:\\laragon\\www\\codeigniter4-framework-e392123\\app\\Views\\main.php')
 3 SYSTEMPATH\View\View.php(227): CodeIgniter\View\View->CodeIgniter\View\{closure}()
 4 SYSTEMPATH\Common.php(1180): CodeIgniter\View\View->render('main', [], true)
 5 APPPATH\Controllers\Main.php(17): view('main', [...])
 6 SYSTEMPATH\CodeIgniter.php(932): App\Controllers\Main->index()
 7 SYSTEMPATH\CodeIgniter.php(497): CodeIgniter\CodeIgniter->runController(Object(App\Controllers\Main))
 8 SYSTEMPATH\CodeIgniter.php(366): CodeIgniter\CodeIgniter->handleRequest(null, Object(Config\Cache), false)
 9 FCPATH\index.php(67): CodeIgniter\CodeIgniter->run()
10 SYSTEMPATH\Commands\Server\rewrite.php(47): require_once('C:\\laragon\\www\\codeigniter4-framework-e392123\\public\\index.php')
CRITICAL - 2023-12-26 11:17:14 --> Undefined array key "Iniciada"
in APPPATH\Views\main.php on line 55.
 1 APPPATH\Views\main.php(55): CodeIgniter\Debug\Exceptions->errorHandler(2, 'Undefined array key "Iniciada"', 'C:\\laragon\\www\\codeigniter4-framework-e392123\\app\\Views\\main.php', 55)
 2 SYSTEMPATH\View\View.php(224): include('C:\\laragon\\www\\codeigniter4-framework-e392123\\app\\Views\\main.php')
 3 SYSTEMPATH\View\View.php(227): CodeIgniter\View\View->CodeIgniter\View\{closure}()
 4 SYSTEMPATH\Common.php(1180): CodeIgniter\View\View->render('main', [], true)
 5 APPPATH\Controllers\Main.php(17): view('main', [...])
 6 SYSTEMPATH\CodeIgniter.php(932): App\Controllers\Main->index()
 7 SYSTEMPATH\CodeIgniter.php(497): CodeIgniter\CodeIgniter->runController(Object(App\Controllers\Main))
 8 SYSTEMPATH\CodeIgniter.php(366): CodeIgniter\CodeIgniter->handleRequest(null, Object(Config\Cache), false)
 9 FCPATH\index.php(67): CodeIgniter\CodeIgniter->run()
10 SYSTEMPATH\Commands\Server\rewrite.php(47): require_once('C:\\laragon\\www\\codeigniter4-framework-e392123\\public\\index.php')
CRITICAL - 2023-12-26 11:18:03 --> Undefined array key "Iniciada"
in APPPATH\Views\main.php on line 54.
 1 APPPATH\Views\main.php(54): CodeIgniter\Debug\Exceptions->errorHandler(2, 'Undefined array key "Iniciada"', 'C:\\laragon\\www\\codeigniter4-framework-e392123\\app\\Views\\main.php', 54)
 2 SYSTEMPATH\View\View.php(224): include('C:\\laragon\\www\\codeigniter4-framework-e392123\\app\\Views\\main.php')
 3 SYSTEMPATH\View\View.php(227): CodeIgniter\View\View->CodeIgniter\View\{closure}()
 4 SYSTEMPATH\Common.php(1180): CodeIgniter\View\View->render('main', [], true)
 5 APPPATH\Controllers\Main.php(17): view('main', [...])
 6 SYSTEMPATH\CodeIgniter.php(932): App\Controllers\Main->index()
 7 SYSTEMPATH\CodeIgniter.php(497): CodeIgniter\CodeIgniter->runController(Object(App\Controllers\Main))
 8 SYSTEMPATH\CodeIgniter.php(366): CodeIgniter\CodeIgniter->handleRequest(null, Object(Config\Cache), false)
 9 FCPATH\index.php(67): CodeIgniter\CodeIgniter->run()
10 SYSTEMPATH\Commands\Server\rewrite.php(47): require_once('C:\\laragon\\www\\codeigniter4-framework-e392123\\public\\index.php')
CRITICAL - 2023-12-26 11:18:19 --> Undefined array key "Iniciada"
in APPPATH\Views\main.php on line 55.
 1 APPPATH\Views\main.php(55): CodeIgniter\Debug\Exceptions->errorHandler(2, 'Undefined array key "Iniciada"', 'C:\\laragon\\www\\codeigniter4-framework-e392123\\app\\Views\\main.php', 55)
 2 SYSTEMPATH\View\View.php(224): include('C:\\laragon\\www\\codeigniter4-framework-e392123\\app\\Views\\main.php')
 3 SYSTEMPATH\View\View.php(227): CodeIgniter\View\View->CodeIgniter\View\{closure}()
 4 SYSTEMPATH\Common.php(1180): CodeIgniter\View\View->render('main', [], true)
 5 APPPATH\Controllers\Main.php(17): view('main', [...])
 6 SYSTEMPATH\CodeIgniter.php(932): App\Controllers\Main->index()
 7 SYSTEMPATH\CodeIgniter.php(497): CodeIgniter\CodeIgniter->runController(Object(App\Controllers\Main))
 8 SYSTEMPATH\CodeIgniter.php(366): CodeIgniter\CodeIgniter->handleRequest(null, Object(Config\Cache), false)
 9 FCPATH\index.php(67): CodeIgniter\CodeIgniter->run()
10 SYSTEMPATH\Commands\Server\rewrite.php(47): require_once('C:\\laragon\\www\\codeigniter4-framework-e392123\\public\\index.php')
ERROR - 2023-12-26 11:19:46 --> mysqli_sql_exception: Unknown column 'task_staus' in 'where clause' in C:\laragon\www\codeigniter4-framework-e392123\system\Database\MySQLi\Connection.php:295
Stack trace:
#0 C:\laragon\www\codeigniter4-framework-e392123\system\Database\MySQLi\Connection.php(295): mysqli->query('SELECT *\nFROM `...', 0)
#1 C:\laragon\www\codeigniter4-framework-e392123\system\Database\BaseConnection.php(692): CodeIgniter\Database\MySQLi\Connection->execute('SELECT *\nFROM `...')
#2 C:\laragon\www\codeigniter4-framework-e392123\system\Database\BaseConnection.php(606): CodeIgniter\Database\BaseConnection->simpleQuery('SELECT *\nFROM `...')
#3 C:\laragon\www\codeigniter4-framework-e392123\system\Database\BaseBuilder.php(1616): CodeIgniter\Database\BaseConnection->query('SELECT *\nFROM `...', Array, false)
#4 C:\laragon\www\codeigniter4-framework-e392123\system\Model.php(241): CodeIgniter\Database\BaseBuilder->get()
#5 C:\laragon\www\codeigniter4-framework-e392123\system\BaseModel.php(618): CodeIgniter\Model->doFindAll(0, 0)
#6 C:\laragon\www\codeigniter4-framework-e392123\app\Controllers\Main.php(152): CodeIgniter\BaseModel->findAll()
#7 C:\laragon\www\codeigniter4-framework-e392123\system\CodeIgniter.php(932): App\Controllers\Main->filter('started')
#8 C:\laragon\www\codeigniter4-framework-e392123\system\CodeIgniter.php(497): CodeIgniter\CodeIgniter->runController(Object(App\Controllers\Main))
#9 C:\laragon\www\codeigniter4-framework-e392123\system\CodeIgniter.php(366): CodeIgniter\CodeIgniter->handleRequest(NULL, Object(Config\Cache), false)
#10 C:\laragon\www\codeigniter4-framework-e392123\public\index.php(67): CodeIgniter\CodeIgniter->run()
#11 C:\laragon\www\codeigniter4-framework-e392123\system\Commands\Server\rewrite.php(47): require_once('C:\\laragon\\www\\...')
#12 {main}
CRITICAL - 2023-12-26 11:19:46 --> Unknown column 'task_staus' in 'where clause'
in SYSTEMPATH\Database\MySQLi\Connection.php on line 295.
 1 SYSTEMPATH\Database\MySQLi\Connection.php(295): mysqli->query('SELECT *
FROM `tasks`
WHERE `id_user` = \'1\'
AND `task_staus` = \'started\'', 0)
 2 SYSTEMPATH\Database\BaseConnection.php(692): CodeIgniter\Database\MySQLi\Connection->execute('SELECT *
FROM `tasks`
WHERE `id_user` = \'1\'
AND `task_staus` = \'started\'')
 3 SYSTEMPATH\Database\BaseConnection.php(606): CodeIgniter\Database\BaseConnection->simpleQuery('SELECT *
FROM `tasks`
WHERE `id_user` = \'1\'
AND `task_staus` = \'started\'')
 4 SYSTEMPATH\Database\BaseBuilder.php(1616): CodeIgniter\Database\BaseConnection->query('SELECT *
FROM `tasks`
WHERE `id_user` = :id_user:
AND `task_staus` = :task_staus:', [...], false)
 5 SYSTEMPATH\Model.php(241): CodeIgniter\Database\BaseBuilder->get()
 6 SYSTEMPATH\BaseModel.php(618): CodeIgniter\Model->doFindAll(0, 0)
 7 APPPATH\Controllers\Main.php(152): CodeIgniter\BaseModel->findAll()
 8 SYSTEMPATH\CodeIgniter.php(932): App\Controllers\Main->filter('started')
 9 SYSTEMPATH\CodeIgniter.php(497): CodeIgniter\CodeIgniter->runController(Object(App\Controllers\Main))
10 SYSTEMPATH\CodeIgniter.php(366): CodeIgniter\CodeIgniter->handleRequest(null, Object(Config\Cache), false)
11 FCPATH\index.php(67): CodeIgniter\CodeIgniter->run()
12 SYSTEMPATH\Commands\Server\rewrite.php(47): require_once('C:\\laragon\\www\\codeigniter4-framework-e392123\\public\\index.php')
CRITICAL - 2023-12-26 11:20:06 --> Too few arguments to function App\Controllers\Main::filter(), 0 passed in C:\laragon\www\codeigniter4-framework-e392123\system\CodeIgniter.php on line 932 and exactly 1 expected
in APPPATH\Controllers\Main.php on line 141.
 1 SYSTEMPATH\CodeIgniter.php(932): App\Controllers\Main->filter()
 2 SYSTEMPATH\CodeIgniter.php(497): CodeIgniter\CodeIgniter->runController(Object(App\Controllers\Main))
 3 SYSTEMPATH\CodeIgniter.php(366): CodeIgniter\CodeIgniter->handleRequest(null, Object(Config\Cache), false)
 4 FCPATH\index.php(67): CodeIgniter\CodeIgniter->run()
 5 SYSTEMPATH\Commands\Server\rewrite.php(47): require_once('C:\\laragon\\www\\codeigniter4-framework-e392123\\public\\index.php')
CRITICAL - 2023-12-26 18:20:38 --> Decrypting: authentication failed.
in SYSTEMPATH\Encryption\Handlers\OpenSSLHandler.php on line 137.
 1 SYSTEMPATH\Encryption\Handlers\OpenSSLHandler.php(137): CodeIgniter\Encryption\Exceptions\EncryptionException::forAuthenticationFailed()
 2 APPPATH\Helpers\app_helpers.php(25): CodeIgniter\Encryption\Handlers\OpenSSLHandler->decrypt('326332613238306539653630393530376335396462373661663135663239663939343936616431616133343535336466646231313530366464393038613238313865616165343863653235666361373233656337323939336538303830363538613433313634336333373134333534396134333936313231346435356334383039386135')
 3 APPPATH\Controllers\Main.php(163): decrypt('f52c1a983dbf78a69145c1a7406832cc2c2a280e9e609507c59db76af15f29f99496ad1aa34553dfdb11506dd908a2818eaae48ce25fca723ec72993e8080658a431643c37143549a43961214d55c48098a5')
 4 SYSTEMPATH\CodeIgniter.php(932): App\Controllers\Main->edit_task('f52c1a983dbf78a69145c1a7406832cc2c2a280e9e609507c59db76af15f29f99496ad1aa34553dfdb11506dd908a2818eaae48ce25fca723ec72993e8080658a431643c37143549a43961214d55c48098a5')
 5 SYSTEMPATH\CodeIgniter.php(497): CodeIgniter\CodeIgniter->runController(Object(App\Controllers\Main))
 6 SYSTEMPATH\CodeIgniter.php(366): CodeIgniter\CodeIgniter->handleRequest(null, Object(Config\Cache), false)
 7 FCPATH\index.php(67): CodeIgniter\CodeIgniter->run()
 8 SYSTEMPATH\Commands\Server\rewrite.php(47): require_once('C:\\laragon\\www\\codeigniter4-framework-e392123\\public\\index.php')
CRITICAL - 2023-12-26 18:21:00 --> Decrypting: authentication failed.
in SYSTEMPATH\Encryption\Handlers\OpenSSLHandler.php on line 137.
 1 SYSTEMPATH\Encryption\Handlers\OpenSSLHandler.php(137): CodeIgniter\Encryption\Exceptions\EncryptionException::forAuthenticationFailed()
 2 APPPATH\Helpers\app_helpers.php(25): CodeIgniter\Encryption\Handlers\OpenSSLHandler->decrypt('63316562393330616162323535336235343466626132373931386137383832353637653537353638326233306136343536383132323661613064613833383137613637656435626361333530616139356362396537336333613863656335386463323337353432396163303634613362336233303864646432323066663734363233')
 3 APPPATH\Controllers\Main.php(163): decrypt('53abb8766f60c5b9d1b08d6bfe9b483ac1eb930aab2553b544fba27918a7882567e575682b30a645681226aa0da83817a67ed5bca350aa95cb9e73c3a8cec58dc2375429ac064a3b3b308ddd220ff74623')
 4 SYSTEMPATH\CodeIgniter.php(932): App\Controllers\Main->edit_task('53abb8766f60c5b9d1b08d6bfe9b483ac1eb930aab2553b544fba27918a7882567e575682b30a645681226aa0da83817a67ed5bca350aa95cb9e73c3a8cec58dc2375429ac064a3b3b308ddd220ff74623')
 5 SYSTEMPATH\CodeIgniter.php(497): CodeIgniter\CodeIgniter->runController(Object(App\Controllers\Main))
 6 SYSTEMPATH\CodeIgniter.php(366): CodeIgniter\CodeIgniter->handleRequest(null, Object(Config\Cache), false)
 7 FCPATH\index.php(67): CodeIgniter\CodeIgniter->run()
 8 SYSTEMPATH\Commands\Server\rewrite.php(47): require_once('C:\\laragon\\www\\codeigniter4-framework-e392123\\public\\index.php')
