CRITICAL - 2023-12-21 01:34:44 --> Call to undefined function form_open()
in APPPATH\Views\login_frm.php on line 11.
 1 SYSTEMPATH\View\View.php(224): include()
 2 SYSTEMPATH\View\View.php(227): CodeIgniter\View\View->CodeIgniter\View\{closure}()
 3 SYSTEMPATH\Common.php(1180): CodeIgniter\View\View->render('login_frm', [], true)
 4 APPPATH\Controllers\Main.php(29): view('login_frm')
 5 SYSTEMPATH\CodeIgniter.php(932): App\Controllers\Main->login()
 6 SYSTEMPATH\CodeIgniter.php(497): CodeIgniter\CodeIgniter->runController(Object(App\Controllers\Main))
 7 SYSTEMPATH\CodeIgniter.php(366): CodeIgniter\CodeIgniter->handleRequest(null, Object(Config\Cache), false)
 8 FCPATH\index.php(67): CodeIgniter\CodeIgniter->run()
 9 SYSTEMPATH\Commands\Server\rewrite.php(47): require_once('C:\\laragon\\www\\codeigniter4-framework-e392123\\public\\index.php')
CRITICAL - 2023-12-21 01:35:17 --> Call to undefined function form_open()
in APPPATH\Views\login_frm.php on line 11.
 1 SYSTEMPATH\View\View.php(224): include()
 2 SYSTEMPATH\View\View.php(227): CodeIgniter\View\View->CodeIgniter\View\{closure}()
 3 SYSTEMPATH\Common.php(1180): CodeIgniter\View\View->render('login_frm', [], true)
 4 APPPATH\Controllers\Main.php(29): view('login_frm')
 5 SYSTEMPATH\CodeIgniter.php(932): App\Controllers\Main->login()
 6 SYSTEMPATH\CodeIgniter.php(497): CodeIgniter\CodeIgniter->runController(Object(App\Controllers\Main))
 7 SYSTEMPATH\CodeIgniter.php(366): CodeIgniter\CodeIgniter->handleRequest(null, Object(Config\Cache), false)
 8 FCPATH\index.php(67): CodeIgniter\CodeIgniter->run()
 9 SYSTEMPATH\Commands\Server\rewrite.php(47): require_once('C:\\laragon\\www\\codeigniter4-framework-e392123\\public\\index.php')
CRITICAL - 2023-12-21 01:35:19 --> Call to undefined function form_open()
in APPPATH\Views\login_frm.php on line 11.
 1 SYSTEMPATH\View\View.php(224): include()
 2 SYSTEMPATH\View\View.php(227): CodeIgniter\View\View->CodeIgniter\View\{closure}()
 3 SYSTEMPATH\Common.php(1180): CodeIgniter\View\View->render('login_frm', [], true)
 4 APPPATH\Controllers\Main.php(29): view('login_frm')
 5 SYSTEMPATH\CodeIgniter.php(932): App\Controllers\Main->login()
 6 SYSTEMPATH\CodeIgniter.php(497): CodeIgniter\CodeIgniter->runController(Object(App\Controllers\Main))
 7 SYSTEMPATH\CodeIgniter.php(366): CodeIgniter\CodeIgniter->handleRequest(null, Object(Config\Cache), false)
 8 FCPATH\index.php(67): CodeIgniter\CodeIgniter->run()
 9 SYSTEMPATH\Commands\Server\rewrite.php(47): require_once('C:\\laragon\\www\\codeigniter4-framework-e392123\\public\\index.php')
CRITICAL - 2023-12-21 01:35:25 --> Call to undefined function form_open()
in APPPATH\Views\login_frm.php on line 11.
 1 SYSTEMPATH\View\View.php(224): include()
 2 SYSTEMPATH\View\View.php(227): CodeIgniter\View\View->CodeIgniter\View\{closure}()
 3 SYSTEMPATH\Common.php(1180): CodeIgniter\View\View->render('login_frm', [], true)
 4 APPPATH\Controllers\Main.php(29): view('login_frm')
 5 SYSTEMPATH\CodeIgniter.php(932): App\Controllers\Main->login()
 6 SYSTEMPATH\CodeIgniter.php(497): CodeIgniter\CodeIgniter->runController(Object(App\Controllers\Main))
 7 SYSTEMPATH\CodeIgniter.php(366): CodeIgniter\CodeIgniter->handleRequest(null, Object(Config\Cache), false)
 8 FCPATH\index.php(67): CodeIgniter\CodeIgniter->run()
 9 SYSTEMPATH\Commands\Server\rewrite.php(47): require_once('C:\\laragon\\www\\codeigniter4-framework-e392123\\public\\index.php')
CRITICAL - 2023-12-21 01:35:30 --> Call to undefined function form_open()
in APPPATH\Views\login_frm.php on line 11.
 1 SYSTEMPATH\View\View.php(224): include()
 2 SYSTEMPATH\View\View.php(227): CodeIgniter\View\View->CodeIgniter\View\{closure}()
 3 SYSTEMPATH\Common.php(1180): CodeIgniter\View\View->render('login_frm', [], true)
 4 APPPATH\Controllers\Main.php(29): view('login_frm')
 5 SYSTEMPATH\CodeIgniter.php(932): App\Controllers\Main->login()
 6 SYSTEMPATH\CodeIgniter.php(497): CodeIgniter\CodeIgniter->runController(Object(App\Controllers\Main))
 7 SYSTEMPATH\CodeIgniter.php(366): CodeIgniter\CodeIgniter->handleRequest(null, Object(Config\Cache), false)
 8 FCPATH\index.php(67): CodeIgniter\CodeIgniter->run()
 9 SYSTEMPATH\Commands\Server\rewrite.php(47): require_once('C:\\laragon\\www\\codeigniter4-framework-e392123\\public\\index.php')
CRITICAL - 2023-12-21 01:35:59 --> Call to undefined function form_open()
in APPPATH\Views\login_frm.php on line 11.
 1 SYSTEMPATH\View\View.php(224): include()
 2 SYSTEMPATH\View\View.php(227): CodeIgniter\View\View->CodeIgniter\View\{closure}()
 3 SYSTEMPATH\Common.php(1180): CodeIgniter\View\View->render('login_frm', [], true)
 4 APPPATH\Controllers\Main.php(29): view('login_frm')
 5 SYSTEMPATH\CodeIgniter.php(932): App\Controllers\Main->login()
 6 SYSTEMPATH\CodeIgniter.php(497): CodeIgniter\CodeIgniter->runController(Object(App\Controllers\Main))
 7 SYSTEMPATH\CodeIgniter.php(366): CodeIgniter\CodeIgniter->handleRequest(null, Object(Config\Cache), false)
 8 FCPATH\index.php(67): CodeIgniter\CodeIgniter->run()
 9 SYSTEMPATH\Commands\Server\rewrite.php(47): require_once('C:\\laragon\\www\\codeigniter4-framework-e392123\\public\\index.php')
CRITICAL - 2023-12-21 01:36:31 --> Call to undefined function form_open()
in APPPATH\Views\login_frm.php on line 11.
 1 SYSTEMPATH\View\View.php(224): include()
 2 SYSTEMPATH\View\View.php(227): CodeIgniter\View\View->CodeIgniter\View\{closure}()
 3 SYSTEMPATH\Common.php(1180): CodeIgniter\View\View->render('login_frm', [], true)
 4 APPPATH\Controllers\Main.php(29): view('login_frm')
 5 SYSTEMPATH\CodeIgniter.php(932): App\Controllers\Main->login()
 6 SYSTEMPATH\CodeIgniter.php(497): CodeIgniter\CodeIgniter->runController(Object(App\Controllers\Main))
 7 SYSTEMPATH\CodeIgniter.php(366): CodeIgniter\CodeIgniter->handleRequest(null, Object(Config\Cache), false)
 8 FCPATH\index.php(67): CodeIgniter\CodeIgniter->run()
 9 SYSTEMPATH\Commands\Server\rewrite.php(47): require_once('C:\\laragon\\www\\codeigniter4-framework-e392123\\public\\index.php')
CRITICAL - 2023-12-21 01:37:03 --> Call to undefined function form_open()
in APPPATH\Views\login_frm.php on line 11.
 1 SYSTEMPATH\View\View.php(224): include()
 2 SYSTEMPATH\View\View.php(227): CodeIgniter\View\View->CodeIgniter\View\{closure}()
 3 SYSTEMPATH\Common.php(1180): CodeIgniter\View\View->render('login_frm.php', [], true)
 4 APPPATH\Controllers\Main.php(29): view('login_frm.php')
 5 SYSTEMPATH\CodeIgniter.php(932): App\Controllers\Main->login()
 6 SYSTEMPATH\CodeIgniter.php(497): CodeIgniter\CodeIgniter->runController(Object(App\Controllers\Main))
 7 SYSTEMPATH\CodeIgniter.php(366): CodeIgniter\CodeIgniter->handleRequest(null, Object(Config\Cache), false)
 8 FCPATH\index.php(67): CodeIgniter\CodeIgniter->run()
 9 SYSTEMPATH\Commands\Server\rewrite.php(47): require_once('C:\\laragon\\www\\codeigniter4-framework-e392123\\public\\index.php')
CRITICAL - 2023-12-21 01:38:43 --> Call to undefined function form_open()
in APPPATH\Views\login_frm.php on line 11.
 1 SYSTEMPATH\View\View.php(224): include()
 2 SYSTEMPATH\View\View.php(227): CodeIgniter\View\View->CodeIgniter\View\{closure}()
 3 SYSTEMPATH\Common.php(1180): CodeIgniter\View\View->render('login_frm', [], true)
 4 APPPATH\Controllers\Main.php(29): view('login_frm')
 5 SYSTEMPATH\CodeIgniter.php(932): App\Controllers\Main->login()
 6 SYSTEMPATH\CodeIgniter.php(497): CodeIgniter\CodeIgniter->runController(Object(App\Controllers\Main))
 7 SYSTEMPATH\CodeIgniter.php(366): CodeIgniter\CodeIgniter->handleRequest(null, Object(Config\Cache), false)
 8 FCPATH\index.php(67): CodeIgniter\CodeIgniter->run()
 9 SYSTEMPATH\Commands\Server\rewrite.php(47): require_once('C:\\laragon\\www\\codeigniter4-framework-e392123\\public\\index.php')
CRITICAL - 2023-12-21 01:40:53 --> Call to undefined function form_open()
in APPPATH\Views\login_frm.php on line 11.
 1 SYSTEMPATH\View\View.php(224): include()
 2 SYSTEMPATH\View\View.php(227): CodeIgniter\View\View->CodeIgniter\View\{closure}()
 3 SYSTEMPATH\Common.php(1180): CodeIgniter\View\View->render('login_frm', [], true)
 4 APPPATH\Controllers\Main.php(29): view('login_frm')
 5 SYSTEMPATH\CodeIgniter.php(932): App\Controllers\Main->login()
 6 SYSTEMPATH\CodeIgniter.php(497): CodeIgniter\CodeIgniter->runController(Object(App\Controllers\Main))
 7 SYSTEMPATH\CodeIgniter.php(366): CodeIgniter\CodeIgniter->handleRequest(null, Object(Config\Cache), false)
 8 FCPATH\index.php(67): CodeIgniter\CodeIgniter->run()
 9 SYSTEMPATH\Commands\Server\rewrite.php(47): require_once('C:\\laragon\\www\\codeigniter4-framework-e392123\\public\\index.php')
CRITICAL - 2023-12-21 01:40:58 --> Call to undefined function form_open()
in APPPATH\Views\login_frm.php on line 11.
 1 SYSTEMPATH\View\View.php(224): include()
 2 SYSTEMPATH\View\View.php(227): CodeIgniter\View\View->CodeIgniter\View\{closure}()
 3 SYSTEMPATH\Common.php(1180): CodeIgniter\View\View->render('login_frm', [], true)
 4 APPPATH\Controllers\Main.php(29): view('login_frm')
 5 SYSTEMPATH\CodeIgniter.php(932): App\Controllers\Main->login()
 6 SYSTEMPATH\CodeIgniter.php(497): CodeIgniter\CodeIgniter->runController(Object(App\Controllers\Main))
 7 SYSTEMPATH\CodeIgniter.php(366): CodeIgniter\CodeIgniter->handleRequest(null, Object(Config\Cache), false)
 8 FCPATH\index.php(67): CodeIgniter\CodeIgniter->run()
 9 SYSTEMPATH\Commands\Server\rewrite.php(47): require_once('C:\\laragon\\www\\codeigniter4-framework-e392123\\public\\index.php')
CRITICAL - 2023-12-21 01:41:54 --> Call to undefined function form_open()
in APPPATH\Views\login_frm.php on line 11.
 1 SYSTEMPATH\View\View.php(224): include()
 2 SYSTEMPATH\View\View.php(227): CodeIgniter\View\View->CodeIgniter\View\{closure}()
 3 SYSTEMPATH\Common.php(1180): CodeIgniter\View\View->render('login_frm', [], true)
 4 APPPATH\Controllers\Main.php(28): view('login_frm')
 5 SYSTEMPATH\CodeIgniter.php(932): App\Controllers\Main->login()
 6 SYSTEMPATH\CodeIgniter.php(497): CodeIgniter\CodeIgniter->runController(Object(App\Controllers\Main))
 7 SYSTEMPATH\CodeIgniter.php(366): CodeIgniter\CodeIgniter->handleRequest(null, Object(Config\Cache), false)
 8 FCPATH\index.php(67): CodeIgniter\CodeIgniter->run()
 9 SYSTEMPATH\Commands\Server\rewrite.php(47): require_once('C:\\laragon\\www\\codeigniter4-framework-e392123\\public\\index.php')
CRITICAL - 2023-12-21 01:41:56 --> Call to undefined function form_open()
in APPPATH\Views\login_frm.php on line 11.
 1 SYSTEMPATH\View\View.php(224): include()
 2 SYSTEMPATH\View\View.php(227): CodeIgniter\View\View->CodeIgniter\View\{closure}()
 3 SYSTEMPATH\Common.php(1180): CodeIgniter\View\View->render('login_frm', [], true)
 4 APPPATH\Controllers\Main.php(13): view('login_frm')
 5 SYSTEMPATH\CodeIgniter.php(932): App\Controllers\Main->index()
 6 SYSTEMPATH\CodeIgniter.php(497): CodeIgniter\CodeIgniter->runController(Object(App\Controllers\Main))
 7 SYSTEMPATH\CodeIgniter.php(366): CodeIgniter\CodeIgniter->handleRequest(null, Object(Config\Cache), false)
 8 FCPATH\index.php(67): CodeIgniter\CodeIgniter->run()
 9 SYSTEMPATH\Commands\Server\rewrite.php(47): require_once('C:\\laragon\\www\\codeigniter4-framework-e392123\\public\\index.php')
CRITICAL - 2023-12-21 01:41:57 --> Call to undefined function form_open()
in APPPATH\Views\login_frm.php on line 11.
 1 SYSTEMPATH\View\View.php(224): include()
 2 SYSTEMPATH\View\View.php(227): CodeIgniter\View\View->CodeIgniter\View\{closure}()
 3 SYSTEMPATH\Common.php(1180): CodeIgniter\View\View->render('login_frm', [], true)
 4 APPPATH\Controllers\Main.php(13): view('login_frm')
 5 SYSTEMPATH\CodeIgniter.php(932): App\Controllers\Main->index()
 6 SYSTEMPATH\CodeIgniter.php(497): CodeIgniter\CodeIgniter->runController(Object(App\Controllers\Main))
 7 SYSTEMPATH\CodeIgniter.php(366): CodeIgniter\CodeIgniter->handleRequest(null, Object(Config\Cache), false)
 8 FCPATH\index.php(67): CodeIgniter\CodeIgniter->run()
 9 SYSTEMPATH\Commands\Server\rewrite.php(47): require_once('C:\\laragon\\www\\codeigniter4-framework-e392123\\public\\index.php')
CRITICAL - 2023-12-21 01:41:58 --> Call to undefined function form_open()
in APPPATH\Views\login_frm.php on line 11.
 1 SYSTEMPATH\View\View.php(224): include()
 2 SYSTEMPATH\View\View.php(227): CodeIgniter\View\View->CodeIgniter\View\{closure}()
 3 SYSTEMPATH\Common.php(1180): CodeIgniter\View\View->render('login_frm', [], true)
 4 APPPATH\Controllers\Main.php(13): view('login_frm')
 5 SYSTEMPATH\CodeIgniter.php(932): App\Controllers\Main->index()
 6 SYSTEMPATH\CodeIgniter.php(497): CodeIgniter\CodeIgniter->runController(Object(App\Controllers\Main))
 7 SYSTEMPATH\CodeIgniter.php(366): CodeIgniter\CodeIgniter->handleRequest(null, Object(Config\Cache), false)
 8 FCPATH\index.php(67): CodeIgniter\CodeIgniter->run()
 9 SYSTEMPATH\Commands\Server\rewrite.php(47): require_once('C:\\laragon\\www\\codeigniter4-framework-e392123\\public\\index.php')
CRITICAL - 2023-12-21 01:43:22 --> Call to undefined function form_open()
in APPPATH\Views\login_frm.php on line 11.
 1 SYSTEMPATH\View\View.php(224): include()
 2 SYSTEMPATH\View\View.php(227): CodeIgniter\View\View->CodeIgniter\View\{closure}()
 3 SYSTEMPATH\Common.php(1180): CodeIgniter\View\View->render('login_frm', [], true)
 4 APPPATH\Controllers\Main.php(27): view('login_frm')
 5 SYSTEMPATH\CodeIgniter.php(932): App\Controllers\Main->login()
 6 SYSTEMPATH\CodeIgniter.php(497): CodeIgniter\CodeIgniter->runController(Object(App\Controllers\Main))
 7 SYSTEMPATH\CodeIgniter.php(366): CodeIgniter\CodeIgniter->handleRequest(null, Object(Config\Cache), false)
 8 FCPATH\index.php(67): CodeIgniter\CodeIgniter->run()
 9 SYSTEMPATH\Commands\Server\rewrite.php(47): require_once('C:\\laragon\\www\\codeigniter4-framework-e392123\\public\\index.php')
CRITICAL - 2023-12-21 01:44:02 --> Call to undefined function form_open()
in APPPATH\Views\login_frm.php on line 11.
 1 SYSTEMPATH\View\View.php(224): include()
 2 SYSTEMPATH\View\View.php(227): CodeIgniter\View\View->CodeIgniter\View\{closure}()
 3 SYSTEMPATH\Common.php(1180): CodeIgniter\View\View->render('login_frm', [], true)
 4 APPPATH\Controllers\Main.php(27): view('login_frm')
 5 SYSTEMPATH\CodeIgniter.php(932): App\Controllers\Main->login()
 6 SYSTEMPATH\CodeIgniter.php(497): CodeIgniter\CodeIgniter->runController(Object(App\Controllers\Main))
 7 SYSTEMPATH\CodeIgniter.php(366): CodeIgniter\CodeIgniter->handleRequest(null, Object(Config\Cache), false)
 8 FCPATH\index.php(67): CodeIgniter\CodeIgniter->run()
 9 SYSTEMPATH\Commands\Server\rewrite.php(47): require_once('C:\\laragon\\www\\codeigniter4-framework-e392123\\public\\index.php')
CRITICAL - 2023-12-21 01:44:45 --> Call to undefined function form_open()
in APPPATH\Views\login_frm.php on line 11.
 1 SYSTEMPATH\View\View.php(224): include()
 2 SYSTEMPATH\View\View.php(227): CodeIgniter\View\View->CodeIgniter\View\{closure}()
 3 SYSTEMPATH\Common.php(1180): CodeIgniter\View\View->render('login_frm', [], true)
 4 APPPATH\Controllers\Main.php(27): view('login_frm')
 5 SYSTEMPATH\CodeIgniter.php(932): App\Controllers\Main->login()
 6 SYSTEMPATH\CodeIgniter.php(497): CodeIgniter\CodeIgniter->runController(Object(App\Controllers\Main))
 7 SYSTEMPATH\CodeIgniter.php(366): CodeIgniter\CodeIgniter->handleRequest(null, Object(Config\Cache), false)
 8 FCPATH\index.php(67): CodeIgniter\CodeIgniter->run()
 9 SYSTEMPATH\Commands\Server\rewrite.php(47): require_once('C:\\laragon\\www\\codeigniter4-framework-e392123\\public\\index.php')
CRITICAL - 2023-12-21 01:44:57 --> Call to undefined function form_open()
in APPPATH\Views\login_frm.php on line 11.
 1 SYSTEMPATH\View\View.php(224): include()
 2 SYSTEMPATH\View\View.php(227): CodeIgniter\View\View->CodeIgniter\View\{closure}()
 3 SYSTEMPATH\Common.php(1180): CodeIgniter\View\View->render('login_frm', [], true)
 4 APPPATH\Controllers\Main.php(27): view('login_frm')
 5 SYSTEMPATH\CodeIgniter.php(932): App\Controllers\Main->login()
 6 SYSTEMPATH\CodeIgniter.php(497): CodeIgniter\CodeIgniter->runController(Object(App\Controllers\Main))
 7 SYSTEMPATH\CodeIgniter.php(366): CodeIgniter\CodeIgniter->handleRequest(null, Object(Config\Cache), false)
 8 FCPATH\index.php(67): CodeIgniter\CodeIgniter->run()
 9 SYSTEMPATH\Commands\Server\rewrite.php(47): require_once('C:\\laragon\\www\\codeigniter4-framework-e392123\\public\\index.php')
CRITICAL - 2023-12-21 01:45:12 --> Call to undefined function form_open()
in APPPATH\Views\login_frm.php on line 11.
 1 SYSTEMPATH\View\View.php(224): include()
 2 SYSTEMPATH\View\View.php(227): CodeIgniter\View\View->CodeIgniter\View\{closure}()
 3 SYSTEMPATH\Common.php(1180): CodeIgniter\View\View->render('login_frm', [], true)
 4 APPPATH\Controllers\Main.php(27): view('login_frm')
 5 SYSTEMPATH\CodeIgniter.php(932): App\Controllers\Main->login()
 6 SYSTEMPATH\CodeIgniter.php(497): CodeIgniter\CodeIgniter->runController(Object(App\Controllers\Main))
 7 SYSTEMPATH\CodeIgniter.php(366): CodeIgniter\CodeIgniter->handleRequest(null, Object(Config\Cache), false)
 8 FCPATH\index.php(67): CodeIgniter\CodeIgniter->run()
 9 SYSTEMPATH\Commands\Server\rewrite.php(47): require_once('C:\\laragon\\www\\codeigniter4-framework-e392123\\public\\index.php')
CRITICAL - 2023-12-21 01:47:03 --> Call to undefined function form_open()
in APPPATH\Views\login_frm.php on line 11.
 1 SYSTEMPATH\View\View.php(224): include()
 2 SYSTEMPATH\View\View.php(227): CodeIgniter\View\View->CodeIgniter\View\{closure}()
 3 SYSTEMPATH\Common.php(1180): CodeIgniter\View\View->render('login_frm', [], true)
 4 APPPATH\Controllers\Main.php(27): view('login_frm')
 5 SYSTEMPATH\CodeIgniter.php(932): App\Controllers\Main->login()
 6 SYSTEMPATH\CodeIgniter.php(497): CodeIgniter\CodeIgniter->runController(Object(App\Controllers\Main))
 7 SYSTEMPATH\CodeIgniter.php(366): CodeIgniter\CodeIgniter->handleRequest(null, Object(Config\Cache), false)
 8 FCPATH\index.php(67): CodeIgniter\CodeIgniter->run()
 9 SYSTEMPATH\Commands\Server\rewrite.php(47): require_once('C:\\laragon\\www\\codeigniter4-framework-e392123\\public\\index.php')
CRITICAL - 2023-12-21 01:47:24 --> Call to undefined function form_open()
in APPPATH\Views\login_frm.php on line 11.
 1 SYSTEMPATH\View\View.php(224): include()
 2 SYSTEMPATH\View\View.php(227): CodeIgniter\View\View->CodeIgniter\View\{closure}()
 3 SYSTEMPATH\Common.php(1180): CodeIgniter\View\View->render('login_frm', [], true)
 4 APPPATH\Controllers\Main.php(27): view('login_frm')
 5 SYSTEMPATH\CodeIgniter.php(932): App\Controllers\Main->login()
 6 SYSTEMPATH\CodeIgniter.php(497): CodeIgniter\CodeIgniter->runController(Object(App\Controllers\Main))
 7 SYSTEMPATH\CodeIgniter.php(366): CodeIgniter\CodeIgniter->handleRequest(null, Object(Config\Cache), false)
 8 FCPATH\index.php(67): CodeIgniter\CodeIgniter->run()
 9 SYSTEMPATH\Commands\Server\rewrite.php(47): require_once('C:\\laragon\\www\\codeigniter4-framework-e392123\\public\\index.php')
CRITICAL - 2023-12-21 01:47:25 --> Call to undefined function form_open()
in APPPATH\Views\login_frm.php on line 11.
 1 SYSTEMPATH\View\View.php(224): include()
 2 SYSTEMPATH\View\View.php(227): CodeIgniter\View\View->CodeIgniter\View\{closure}()
 3 SYSTEMPATH\Common.php(1180): CodeIgniter\View\View->render('login_frm', [], true)
 4 APPPATH\Controllers\Main.php(27): view('login_frm')
 5 SYSTEMPATH\CodeIgniter.php(932): App\Controllers\Main->login()
 6 SYSTEMPATH\CodeIgniter.php(497): CodeIgniter\CodeIgniter->runController(Object(App\Controllers\Main))
 7 SYSTEMPATH\CodeIgniter.php(366): CodeIgniter\CodeIgniter->handleRequest(null, Object(Config\Cache), false)
 8 FCPATH\index.php(67): CodeIgniter\CodeIgniter->run()
 9 SYSTEMPATH\Commands\Server\rewrite.php(47): require_once('C:\\laragon\\www\\codeigniter4-framework-e392123\\public\\index.php')
CRITICAL - 2023-12-21 01:48:06 --> Call to undefined function form_open()
in APPPATH\Views\login_frm.php on line 11.
 1 SYSTEMPATH\View\View.php(224): include()
 2 SYSTEMPATH\View\View.php(227): CodeIgniter\View\View->CodeIgniter\View\{closure}()
 3 SYSTEMPATH\Common.php(1180): CodeIgniter\View\View->render('login_frm', [], true)
 4 APPPATH\Controllers\Main.php(27): view('login_frm')
 5 SYSTEMPATH\CodeIgniter.php(932): App\Controllers\Main->login()
 6 SYSTEMPATH\CodeIgniter.php(497): CodeIgniter\CodeIgniter->runController(Object(App\Controllers\Main))
 7 SYSTEMPATH\CodeIgniter.php(366): CodeIgniter\CodeIgniter->handleRequest(null, Object(Config\Cache), false)
 8 FCPATH\index.php(67): CodeIgniter\CodeIgniter->run()
 9 SYSTEMPATH\Commands\Server\rewrite.php(47): require_once('C:\\laragon\\www\\codeigniter4-framework-e392123\\public\\index.php')
